Removed Pin From Net: NetName=GND Pin=C7-1
Removed Pin From Net: NetName=GND Pin=C8-1
Removed Pin From Net: NetName=GND Pin=C10-2
Removed Pin From Net: NetName=GND Pin=C11-1
Removed Pin From Net: NetName=GND Pin=P1-2
Removed Pin From Net: NetName=GND Pin=Q1-1
Removed Pin From Net: NetName=+5 Pin=R28-2
Removed Pin From Net: NetName=+5 Pin=R30-2
Removed Pin From Net: NetName=VDD Pin=RV6-2
Removed Pin From Net: NetName=VDD Pin=RV6-3
Removed Pin From Net: NetName=NetD7_2 Pin=U4-3
Removed Pin From Net: NetName=NetD9_2 Pin=U4-28
Removed Pin From Net: NetName=GND Pin=U6-1
Removed Pin From Net: NetName=+5 Pin=U6-4
Removed Pin From Net: NetName=+5 Pin=U6-8
Removed Pin From Net: NetName=VCC Pin=U7-1
Removed Pin From Net: NetName=VDD Pin=U7-4
Removed Pin From Net: NetName=GND Pin=U7-7
Removed Pin From Net: NetName=7 Pin=U9-11
Removed Pin From Net: NetName=6 Pin=U9-12
Removed Pin From Net: NetName=5 Pin=U9-13
Removed Pin From Net: NetName=3 Pin=U9-15
Removed Pin From Net: NetName=1 Pin=U9-17
Removed Pin From Net: NetName=0 Pin=U9-18
Removed Pin From Net: NetName=GND Pin=U-3
Removed Pin From Net: NetName=VDD Pin=U-4
Removed Pin From Net: NetName=VCC Pin=U-7
Removed Member From Class: ClassName=Micro Member=C8
Removed Member From Class: ClassName=Micro Member=C9
Removed Member From Class: ClassName=Micro Member=C10
Removed Member From Class: ClassName=Micro Member=C11
Removed Member From Class: ClassName=Micro Member=D11
Removed Member From Class: ClassName=Micro Member=P1
Removed Member From Class: ClassName=Micro Member=Q1
Removed Member From Class: ClassName=Micro Member=R25
Removed Member From Class: ClassName=Micro Member=R26
Removed Member From Class: ClassName=Micro Member=R27
Removed Member From Class: ClassName=Micro Member=R28
Removed Member From Class: ClassName=Micro Member=R29
Removed Member From Class: ClassName=Micro Member=R30
Removed Member From Class: ClassName=Micro Member=R31
Removed Member From Class: ClassName=Micro Member=R32
Removed Member From Class: ClassName=Micro Member=U7
Removed Member From Class: ClassName=Micro Member=U9
Removed Member From Class: ClassName=Micro Member=U
Change Component Footprint: Designator=RV6 Old Footprint=FP-3006P-MFG New Footprint=FP-3296W-MFG
Change Component Comment : Designator=RV6 Old Comment=3006P-1-103LF New Comment=3296W-1-504LF
Change Component Designator: OldDesignator=U9 NewDesignator=U6
Change Managed Component Library Link : Designator=RV6 Old VaultGUID=B7D15EC3-160A-466F-A46C-7801FE6295A7 New VaultGUID=B7D15EC3-160A-466F-A46C-7801FE6295A7 Old ItemGUID=EE38AEC7-36BA-4500-BAC5-2F712D3F4EB8 New ItemGUID=70DDFBD9-8B04-4622-B937-A245966F6690 Old RevisionGUID=45B08B02-75AA-4623-9A05-455F9A3CD654 New RevisionGUID=4C1FA464-C127-43E1-8029-794C72C79A6E
Change component parameters: Designator = "RV6" ("RV6"); Footprint = "FP-3006P-MFG"; UniqueID = "\HMVJNOMH" ("\HMVJNOMH")
Change component parameters (AddParameter): Name = "Automotive"; Value = "No"; VariantName = "[No Variations]"
Change component parameters (AddParameter): Name = "Category"; Value = "Res"; VariantName = "[No Variations]"
Change component parameters (AddParameter): Name = "ComponentLink2Description"; Value = "Datasheet"; VariantName = "[No Variations]"
Change component parameters (AddParameter): Name = "ComponentLink2URL"; Value = "https://www.bourns.com/docs/Product-Datasheets/3296.pdf"; VariantName = "[No Variations]"
Change component parameters (AddParameter): Name = "Device Class L1"; Value = "Passive Components"; VariantName = "[No Variations]"
Change component parameters (AddParameter): Name = "Device Class L2"; Value = "Resistors"; VariantName = "[No Variations]"
Change component parameters (AddParameter): Name = "Device Class L3"; Value = "Variable Resistors and Potentiometers"; VariantName = "[No Variations]"
Change component parameters (AddParameter): Name = "Digikey Description"; Value = "TRIMMER 500K OHM 0.5W PC PIN TOP"; VariantName = "[No Variations]"
Change component parameters (AddParameter): Name = "Height"; Value = "12.05mm"; VariantName = "[No Variations]"
Change component parameters (AddParameter): Name = "Lead Free"; Value = "Yes"; VariantName = "[No Variations]"
Change component parameters (AddParameter): Name = "Manufacturer"; Value = "Bourns"; VariantName = "[No Variations]"
Change component parameters (AddParameter): Name = "Manufacturer Part Number"; Value = "3296W-1-504LF"; VariantName = "[No Variations]"
Change component parameters (AddParameter): Name = "Mouser Description"; Value = "Trimmer; Cermet; Rest 500 Kilohms; PCB; 25 Turns; Pwr-Rtg 0.5W"; VariantName = "[No Variations]"
Change component parameters (AddParameter): Name = "Octopart"; Value = "https://octopart.com/3296w-1-504lf-bourns-143884"; VariantName = "[No Variations]"
Change component parameters (AddParameter): Name = "Package"; Value = "3296W"; VariantName = "[No Variations]"
Change component parameters (AddParameter): Name = "Power Rating"; Value = "0.5W"; VariantName = "[No Variations]"
Change component parameters (AddParameter): Name = "Resistance"; Value = "1k"; VariantName = "[No Variations]"
Change component parameters (AddParameter): Name = "RoHS"; Value = "TRUE"; VariantName = "[No Variations]"
Change component parameters (AddParameter): Name = "Series"; Value = "Trimpot 3296-Sealed"; VariantName = "[No Variations]"
Change component parameters (AddParameter): Name = "Standoff Height"; Value = "0.38mm"; VariantName = "[No Variations]"
Change component parameters (AddParameter): Name = "Temperature"; Value = "-55°C to +125°C"; VariantName = "[No Variations]"
Change component parameters (AddParameter): Name = "Temperature Coefficient"; Value = "100ppm/°C"; VariantName = "[No Variations]"
Change component parameters (AddParameter): Name = "Temperature Range High"; Value = "+125°C"; VariantName = "[No Variations]"
Change component parameters (AddParameter): Name = "Temperature Range Low"; Value = "-55°C"; VariantName = "[No Variations]"
Change component parameters (AddParameter): Name = "Tolerance"; Value = "10%"; VariantName = "[No Variations]"
Change component parameters (AddParameter): Name = "Value"; Value = "725"; VariantName = "[No Variations]"
Change component parameters (AddParameter): Name = "Voltage Rating"; Value = "300V"; VariantName = "[No Variations]"
Added Component: Designator=R33(AXIAL-0.3)
Add component (AddParameter): Name = "LatestRevisionDate"; Value = "17-Jul-2002"; VariantName = "[No Variations]"
Add component (AddParameter): Name = "LatestRevisionNote"; Value = "Re-released for DXP Platform."; VariantName = "[No Variations]"
Add component (AddParameter): Name = "PackageDescription"; Value = "Axial Device, Thru-Hole; 2 Leads; 0.3 in Pin Spacing"; VariantName = "[No Variations]"
Add component (AddParameter): Name = "PackageReference"; Value = "AXIAL-0.3"; VariantName = "[No Variations]"
Add component (AddParameter): Name = "Published"; Value = "8-Jun-2000"; VariantName = "[No Variations]"
Add component (AddParameter): Name = "Publisher"; Value = "Altium Limited"; VariantName = "[No Variations]"
Add component (AddParameter): Name = "Value"; Value = "1.8k"; VariantName = "[No Variations]"
Added Component: Designator=R34(AXIAL-0.3)
Add component (AddParameter): Name = "LatestRevisionDate"; Value = "17-Jul-2002"; VariantName = "[No Variations]"
Add component (AddParameter): Name = "LatestRevisionNote"; Value = "Re-released for DXP Platform."; VariantName = "[No Variations]"
Add component (AddParameter): Name = "PackageDescription"; Value = "Axial Device, Thru-Hole; 2 Leads; 0.3 in Pin Spacing"; VariantName = "[No Variations]"
Add component (AddParameter): Name = "PackageReference"; Value = "AXIAL-0.3"; VariantName = "[No Variations]"
Add component (AddParameter): Name = "Published"; Value = "8-Jun-2000"; VariantName = "[No Variations]"
Add component (AddParameter): Name = "Publisher"; Value = "Altium Limited"; VariantName = "[No Variations]"
Add component (AddParameter): Name = "Value"; Value = "1.8k"; VariantName = "[No Variations]"
Added Component: Designator=R35(AXIAL-0.3)
Add component (AddParameter): Name = "LatestRevisionDate"; Value = "17-Jul-2002"; VariantName = "[No Variations]"
Add component (AddParameter): Name = "LatestRevisionNote"; Value = "Re-released for DXP Platform."; VariantName = "[No Variations]"
Add component (AddParameter): Name = "PackageDescription"; Value = "Axial Device, Thru-Hole; 2 Leads; 0.3 in Pin Spacing"; VariantName = "[No Variations]"
Add component (AddParameter): Name = "PackageReference"; Value = "AXIAL-0.3"; VariantName = "[No Variations]"
Add component (AddParameter): Name = "Published"; Value = "8-Jun-2000"; VariantName = "[No Variations]"
Add component (AddParameter): Name = "Publisher"; Value = "Altium Limited"; VariantName = "[No Variations]"
Add component (AddParameter): Name = "Value"; Value = "1.8k"; VariantName = "[No Variations]"
Added Component: Designator=R36(AXIAL-0.3)
Add component (AddParameter): Name = "LatestRevisionDate"; Value = "17-Jul-2002"; VariantName = "[No Variations]"
Add component (AddParameter): Name = "LatestRevisionNote"; Value = "Re-released for DXP Platform."; VariantName = "[No Variations]"
Add component (AddParameter): Name = "PackageDescription"; Value = "Axial Device, Thru-Hole; 2 Leads; 0.3 in Pin Spacing"; VariantName = "[No Variations]"
Add component (AddParameter): Name = "PackageReference"; Value = "AXIAL-0.3"; VariantName = "[No Variations]"
Add component (AddParameter): Name = "Published"; Value = "8-Jun-2000"; VariantName = "[No Variations]"
Add component (AddParameter): Name = "Publisher"; Value = "Altium Limited"; VariantName = "[No Variations]"
Add component (AddParameter): Name = "Value"; Value = "1.8k"; VariantName = "[No Variations]"
Added Component: Designator=R37(AXIAL-0.3)
Add component (AddParameter): Name = "LatestRevisionDate"; Value = "17-Jul-2002"; VariantName = "[No Variations]"
Add component (AddParameter): Name = "LatestRevisionNote"; Value = "Re-released for DXP Platform."; VariantName = "[No Variations]"
Add component (AddParameter): Name = "PackageDescription"; Value = "Axial Device, Thru-Hole; 2 Leads; 0.3 in Pin Spacing"; VariantName = "[No Variations]"
Add component (AddParameter): Name = "PackageReference"; Value = "AXIAL-0.3"; VariantName = "[No Variations]"
Add component (AddParameter): Name = "Published"; Value = "8-Jun-2000"; VariantName = "[No Variations]"
Add component (AddParameter): Name = "Publisher"; Value = "Altium Limited"; VariantName = "[No Variations]"
Add component (AddParameter): Name = "Value"; Value = "1.8k"; VariantName = "[No Variations]"
Added Component: Designator=R38(AXIAL-0.3)
Add component (AddParameter): Name = "LatestRevisionDate"; Value = "17-Jul-2002"; VariantName = "[No Variations]"
Add component (AddParameter): Name = "LatestRevisionNote"; Value = "Re-released for DXP Platform."; VariantName = "[No Variations]"
Add component (AddParameter): Name = "PackageDescription"; Value = "Axial Device, Thru-Hole; 2 Leads; 0.3 in Pin Spacing"; VariantName = "[No Variations]"
Add component (AddParameter): Name = "PackageReference"; Value = "AXIAL-0.3"; VariantName = "[No Variations]"
Add component (AddParameter): Name = "Published"; Value = "8-Jun-2000"; VariantName = "[No Variations]"
Add component (AddParameter): Name = "Publisher"; Value = "Altium Limited"; VariantName = "[No Variations]"
Add component (AddParameter): Name = "Value"; Value = "1.8k"; VariantName = "[No Variations]"
Added Component: Designator=R39(AXIAL-0.3)
Add component (AddParameter): Name = "LatestRevisionDate"; Value = "17-Jul-2002"; VariantName = "[No Variations]"
Add component (AddParameter): Name = "LatestRevisionNote"; Value = "Re-released for DXP Platform."; VariantName = "[No Variations]"
Add component (AddParameter): Name = "PackageDescription"; Value = "Axial Device, Thru-Hole; 2 Leads; 0.3 in Pin Spacing"; VariantName = "[No Variations]"
Add component (AddParameter): Name = "PackageReference"; Value = "AXIAL-0.3"; VariantName = "[No Variations]"
Add component (AddParameter): Name = "Published"; Value = "8-Jun-2000"; VariantName = "[No Variations]"
Add component (AddParameter): Name = "Publisher"; Value = "Altium Limited"; VariantName = "[No Variations]"
Add component (AddParameter): Name = "Value"; Value = "1.8k"; VariantName = "[No Variations]"
Added Component: Designator=R40(AXIAL-0.3)
Add component (AddParameter): Name = "LatestRevisionDate"; Value = "17-Jul-2002"; VariantName = "[No Variations]"
Add component (AddParameter): Name = "LatestRevisionNote"; Value = "Re-released for DXP Platform."; VariantName = "[No Variations]"
Add component (AddParameter): Name = "PackageDescription"; Value = "Axial Device, Thru-Hole; 2 Leads; 0.3 in Pin Spacing"; VariantName = "[No Variations]"
Add component (AddParameter): Name = "PackageReference"; Value = "AXIAL-0.3"; VariantName = "[No Variations]"
Add component (AddParameter): Name = "Published"; Value = "8-Jun-2000"; VariantName = "[No Variations]"
Add component (AddParameter): Name = "Publisher"; Value = "Altium Limited"; VariantName = "[No Variations]"
Add component (AddParameter): Name = "Value"; Value = "1.8k"; VariantName = "[No Variations]"
Added Component: Designator=R41(AXIAL-0.3)
Add component (AddParameter): Name = "LatestRevisionDate"; Value = "17-Jul-2002"; VariantName = "[No Variations]"
Add component (AddParameter): Name = "LatestRevisionNote"; Value = "Re-released for DXP Platform."; VariantName = "[No Variations]"
Add component (AddParameter): Name = "PackageDescription"; Value = "Axial Device, Thru-Hole; 2 Leads; 0.3 in Pin Spacing"; VariantName = "[No Variations]"
Add component (AddParameter): Name = "PackageReference"; Value = "AXIAL-0.3"; VariantName = "[No Variations]"
Add component (AddParameter): Name = "Published"; Value = "8-Jun-2000"; VariantName = "[No Variations]"
Add component (AddParameter): Name = "Publisher"; Value = "Altium Limited"; VariantName = "[No Variations]"
Add component (AddParameter): Name = "Value"; Value = "3.3k"; VariantName = "[No Variations]"
Added Component: Designator=R42(AXIAL-0.3)
Add component (AddParameter): Name = "LatestRevisionDate"; Value = "17-Jul-2002"; VariantName = "[No Variations]"
Add component (AddParameter): Name = "LatestRevisionNote"; Value = "Re-released for DXP Platform."; VariantName = "[No Variations]"
Add component (AddParameter): Name = "PackageDescription"; Value = "Axial Device, Thru-Hole; 2 Leads; 0.3 in Pin Spacing"; VariantName = "[No Variations]"
Add component (AddParameter): Name = "PackageReference"; Value = "AXIAL-0.3"; VariantName = "[No Variations]"
Add component (AddParameter): Name = "Published"; Value = "8-Jun-2000"; VariantName = "[No Variations]"
Add component (AddParameter): Name = "Publisher"; Value = "Altium Limited"; VariantName = "[No Variations]"
Add component (AddParameter): Name = "Value"; Value = "3.3k"; VariantName = "[No Variations]"
Added Component: Designator=R43(AXIAL-0.3)
Add component (AddParameter): Name = "LatestRevisionDate"; Value = "17-Jul-2002"; VariantName = "[No Variations]"
Add component (AddParameter): Name = "LatestRevisionNote"; Value = "Re-released for DXP Platform."; VariantName = "[No Variations]"
Add component (AddParameter): Name = "PackageDescription"; Value = "Axial Device, Thru-Hole; 2 Leads; 0.3 in Pin Spacing"; VariantName = "[No Variations]"
Add component (AddParameter): Name = "PackageReference"; Value = "AXIAL-0.3"; VariantName = "[No Variations]"
Add component (AddParameter): Name = "Published"; Value = "8-Jun-2000"; VariantName = "[No Variations]"
Add component (AddParameter): Name = "Publisher"; Value = "Altium Limited"; VariantName = "[No Variations]"
Add component (AddParameter): Name = "Value"; Value = "3.3k"; VariantName = "[No Variations]"
Added Component: Designator=R44(AXIAL-0.3)
Add component (AddParameter): Name = "LatestRevisionDate"; Value = "17-Jul-2002"; VariantName = "[No Variations]"
Add component (AddParameter): Name = "LatestRevisionNote"; Value = "Re-released for DXP Platform."; VariantName = "[No Variations]"
Add component (AddParameter): Name = "PackageDescription"; Value = "Axial Device, Thru-Hole; 2 Leads; 0.3 in Pin Spacing"; VariantName = "[No Variations]"
Add component (AddParameter): Name = "PackageReference"; Value = "AXIAL-0.3"; VariantName = "[No Variations]"
Add component (AddParameter): Name = "Published"; Value = "8-Jun-2000"; VariantName = "[No Variations]"
Add component (AddParameter): Name = "Publisher"; Value = "Altium Limited"; VariantName = "[No Variations]"
Add component (AddParameter): Name = "Value"; Value = "3.3k"; VariantName = "[No Variations]"
Added Component: Designator=R45(AXIAL-0.3)
Add component (AddParameter): Name = "LatestRevisionDate"; Value = "17-Jul-2002"; VariantName = "[No Variations]"
Add component (AddParameter): Name = "LatestRevisionNote"; Value = "Re-released for DXP Platform."; VariantName = "[No Variations]"
Add component (AddParameter): Name = "PackageDescription"; Value = "Axial Device, Thru-Hole; 2 Leads; 0.3 in Pin Spacing"; VariantName = "[No Variations]"
Add component (AddParameter): Name = "PackageReference"; Value = "AXIAL-0.3"; VariantName = "[No Variations]"
Add component (AddParameter): Name = "Published"; Value = "8-Jun-2000"; VariantName = "[No Variations]"
Add component (AddParameter): Name = "Publisher"; Value = "Altium Limited"; VariantName = "[No Variations]"
Add component (AddParameter): Name = "Value"; Value = "3.3k"; VariantName = "[No Variations]"
Added Component: Designator=R46(AXIAL-0.3)
Add component (AddParameter): Name = "LatestRevisionDate"; Value = "17-Jul-2002"; VariantName = "[No Variations]"
Add component (AddParameter): Name = "LatestRevisionNote"; Value = "Re-released for DXP Platform."; VariantName = "[No Variations]"
Add component (AddParameter): Name = "PackageDescription"; Value = "Axial Device, Thru-Hole; 2 Leads; 0.3 in Pin Spacing"; VariantName = "[No Variations]"
Add component (AddParameter): Name = "PackageReference"; Value = "AXIAL-0.3"; VariantName = "[No Variations]"
Add component (AddParameter): Name = "Published"; Value = "8-Jun-2000"; VariantName = "[No Variations]"
Add component (AddParameter): Name = "Publisher"; Value = "Altium Limited"; VariantName = "[No Variations]"
Add component (AddParameter): Name = "Value"; Value = "3.3k"; VariantName = "[No Variations]"
Added Component: Designator=R47(AXIAL-0.3)
Add component (AddParameter): Name = "LatestRevisionDate"; Value = "17-Jul-2002"; VariantName = "[No Variations]"
Add component (AddParameter): Name = "LatestRevisionNote"; Value = "Re-released for DXP Platform."; VariantName = "[No Variations]"
Add component (AddParameter): Name = "PackageDescription"; Value = "Axial Device, Thru-Hole; 2 Leads; 0.3 in Pin Spacing"; VariantName = "[No Variations]"
Add component (AddParameter): Name = "PackageReference"; Value = "AXIAL-0.3"; VariantName = "[No Variations]"
Add component (AddParameter): Name = "Published"; Value = "8-Jun-2000"; VariantName = "[No Variations]"
Add component (AddParameter): Name = "Publisher"; Value = "Altium Limited"; VariantName = "[No Variations]"
Add component (AddParameter): Name = "Value"; Value = "3.3k"; VariantName = "[No Variations]"
Added Component: Designator=R48(AXIAL-0.3)
Add component (AddParameter): Name = "LatestRevisionDate"; Value = "17-Jul-2002"; VariantName = "[No Variations]"
Add component (AddParameter): Name = "LatestRevisionNote"; Value = "Re-released for DXP Platform."; VariantName = "[No Variations]"
Add component (AddParameter): Name = "PackageDescription"; Value = "Axial Device, Thru-Hole; 2 Leads; 0.3 in Pin Spacing"; VariantName = "[No Variations]"
Add component (AddParameter): Name = "PackageReference"; Value = "AXIAL-0.3"; VariantName = "[No Variations]"
Add component (AddParameter): Name = "Published"; Value = "8-Jun-2000"; VariantName = "[No Variations]"
Add component (AddParameter): Name = "Publisher"; Value = "Altium Limited"; VariantName = "[No Variations]"
Add component (AddParameter): Name = "Value"; Value = "3.3k"; VariantName = "[No Variations]"
Added Component: Designator=ultrasonido(HDR1X4)
Add component (AddParameter): Name = "LatestRevisionDate"; Value = "17-Jul-2002"; VariantName = "[No Variations]"
Add component (AddParameter): Name = "LatestRevisionNote"; Value = "Re-released for DXP Platform."; VariantName = "[No Variations]"
Add component (AddParameter): Name = "Publisher"; Value = "Altium Limited"; VariantName = "[No Variations]"
Add Pin To Net: Unknown Pin: Pin C1-1
Add Pin To Net: Unknown Pin: Pin C1-2
Add Pin To Net: Unknown Pin: Pin C2-1
Add Pin To Net: Unknown Pin: Pin C2-2
Add Pin To Net: Unknown Pin: Pin C3-1
Add Pin To Net: Unknown Pin: Pin C3-2
Add Pin To Net: Unknown Pin: Pin C4-1
Add Pin To Net: Unknown Pin: Pin C4-2
Add Pin To Net: Unknown Pin: Pin C5-1
Add Pin To Net: Unknown Pin: Pin C5-2
Add Pin To Net: Unknown Pin: Pin C6-1
Add Pin To Net: Unknown Pin: Pin C6-2
Added Pin To Net: NetName=GND Pin=C7-2
Add Pin To Net: Unknown Pin: Pin D1-1
Add Pin To Net: Unknown Pin: Pin D1-2
Add Pin To Net: Unknown Pin: Pin D2-1
Add Pin To Net: Unknown Pin: Pin D2-2
Add Pin To Net: Unknown Pin: Pin D3-1
Add Pin To Net: Unknown Pin: Pin D3-2
Add Pin To Net: Unknown Pin: Pin D4-1
Add Pin To Net: Unknown Pin: Pin D4-2
Add Pin To Net: Unknown Pin: Pin D5-1
Add Pin To Net: Unknown Pin: Pin D5-2
Add Pin To Net: Unknown Pin: Pin D6-1
Add Pin To Net: Unknown Pin: Pin D6-2
Add Pin To Net: Unknown Pin: Pin IN-1
Add Pin To Net: Unknown Pin: Pin IN-2
Add Pin To Net: Unknown Pin: Pin IN-3
Add Pin To Net: Unknown Pin: Pin IN/OUT-1
Add Pin To Net: Unknown Pin: Pin IN/OUT-2
Add Pin To Net: Unknown Pin: Pin IN/OUT-3
Add Pin To Net: Unknown Pin: Pin IN/OUT-4
Add Pin To Net: Unknown Pin: Pin LM7805-1
Add Pin To Net: Unknown Pin: Pin LM7805-2
Add Pin To Net: Unknown Pin: Pin LM7805-3
Add Pin To Net: Unknown Pin: Pin LM7815-1
Add Pin To Net: Unknown Pin: Pin LM7815-2
Add Pin To Net: Unknown Pin: Pin LM7815-3
Add Pin To Net: Unknown Pin: Pin LM7915-1
Add Pin To Net: Unknown Pin: Pin LM7915-2
Add Pin To Net: Unknown Pin: Pin LM7915-3
Add Pin To Net: Unknown Pin: Pin MO-in-1
Add Pin To Net: Unknown Pin: Pin MO-in-2
Add Pin To Net: Unknown Pin: Pin MO-in-3
Add Pin To Net: Unknown Pin: Pin MO-in-4
Add Pin To Net: Unknown Pin: Pin MO_out-1
Add Pin To Net: Unknown Pin: Pin MO_out-2
Add Pin To Net: Unknown Pin: Pin MO_out-3
Add Pin To Net: Unknown Pin: Pin MO_out-4
Add Pin To Net: Unknown Pin: Pin NTC-1
Add Pin To Net: Unknown Pin: Pin NTC-2
Add Pin To Net: Unknown Pin: Pin out-1
Add Pin To Net: Unknown Pin: Pin out-2
Add Pin To Net: Unknown Pin: Pin out-3
Add Pin To Net: Unknown Pin: Pin out-4
Add Pin To Net: Unknown Pin: Pin out-5
Add Pin To Net: Unknown Pin: Pin P_galga-1
Add Pin To Net: Unknown Pin: Pin P_galga-2
Add Pin To Net: Unknown Pin: Pin P_galga-3
Add Pin To Net: Unknown Pin: Pin P_galga-4
Add Pin To Net: Unknown Pin: Pin R1-1
Add Pin To Net: Unknown Pin: Pin R1-2
Add Pin To Net: Unknown Pin: Pin R2-1
Add Pin To Net: Unknown Pin: Pin R2-2
Add Pin To Net: Unknown Pin: Pin R3-1
Add Pin To Net: Unknown Pin: Pin R3-2
Add Pin To Net: Unknown Pin: Pin R4-1
Add Pin To Net: Unknown Pin: Pin R4-2
Add Pin To Net: Unknown Pin: Pin R5-1
Add Pin To Net: Unknown Pin: Pin R5-2
Add Pin To Net: Unknown Pin: Pin R6-1
Add Pin To Net: Unknown Pin: Pin R6-2
Add Pin To Net: Unknown Pin: Pin R7-1
Add Pin To Net: Unknown Pin: Pin R7-2
Add Pin To Net: Unknown Pin: Pin R8-1
Add Pin To Net: Unknown Pin: Pin R8-2
Add Pin To Net: Unknown Pin: Pin R9-1
Add Pin To Net: Unknown Pin: Pin R9-2
Add Pin To Net: Unknown Pin: Pin R10-1
Add Pin To Net: Unknown Pin: Pin R10-2
Add Pin To Net: Unknown Pin: Pin R11-1
Add Pin To Net: Unknown Pin: Pin R11-2
Add Pin To Net: Unknown Pin: Pin R12-1
Add Pin To Net: Unknown Pin: Pin R12-2
Add Pin To Net: Unknown Pin: Pin R13-1
Add Pin To Net: Unknown Pin: Pin R13-2
Add Pin To Net: Unknown Pin: Pin R14-1
Add Pin To Net: Unknown Pin: Pin R14-2
Added Pin To Net: NetName=7 Pin=R33-2
Added Pin To Net: NetName=6 Pin=R34-2
Added Pin To Net: NetName=5 Pin=R35-2
Added Pin To Net: NetName=NetD9_2 Pin=R36-2
Added Pin To Net: NetName=3 Pin=R37-2
Added Pin To Net: NetName=NetD7_2 Pin=R38-2
Added Pin To Net: NetName=1 Pin=R39-2
Added Pin To Net: NetName=0 Pin=R40-2
Added Pin To Net: NetName=7 Pin=R41-1
Added Pin To Net: NetName=GND Pin=R41-2
Added Pin To Net: NetName=6 Pin=R42-1
Added Pin To Net: NetName=GND Pin=R42-2
Added Pin To Net: NetName=5 Pin=R43-1
Added Pin To Net: NetName=GND Pin=R43-2
Added Pin To Net: NetName=NetD9_2 Pin=R44-1
Added Pin To Net: NetName=GND Pin=R44-2
Added Pin To Net: NetName=3 Pin=R45-1
Added Pin To Net: NetName=GND Pin=R45-2
Added Pin To Net: NetName=NetD7_2 Pin=R46-1
Added Pin To Net: NetName=GND Pin=R46-2
Added Pin To Net: NetName=1 Pin=R47-1
Added Pin To Net: NetName=GND Pin=R47-2
Added Pin To Net: NetName=0 Pin=R48-1
Added Pin To Net: NetName=GND Pin=R48-2
Add Pin To Net: Unknown Pin: Pin RV1-1
Add Pin To Net: Unknown Pin: Pin RV1-2
Add Pin To Net: Unknown Pin: Pin RV2-2
Add Pin To Net: Unknown Pin: Pin RV2-3
Add Pin To Net: Unknown Pin: Pin RV3-2
Add Pin To Net: Unknown Pin: Pin RV3-3
Add Pin To Net: Unknown Pin: Pin RV4-2
Add Pin To Net: Unknown Pin: Pin RV4-3
Add Pin To Net: Unknown Pin: Pin RV5-2
Add Pin To Net: Unknown Pin: Pin RV5-3
Add Pin To Net: Unknown Pin: Pin U1-1
Add Pin To Net: Unknown Pin: Pin U1-2
Add Pin To Net: Unknown Pin: Pin U1-3
Add Pin To Net: Unknown Pin: Pin U1-4
Add Pin To Net: Unknown Pin: Pin U1-5
Add Pin To Net: Unknown Pin: Pin U1-6
Add Pin To Net: Unknown Pin: Pin U1-7
Add Pin To Net: Unknown Pin: Pin U1-8
Add Pin To Net: Unknown Pin: Pin U1-9
Add Pin To Net: Unknown Pin: Pin U1-10
Add Pin To Net: Unknown Pin: Pin U1-11
Add Pin To Net: Unknown Pin: Pin U1-12
Add Pin To Net: Unknown Pin: Pin U1-13
Add Pin To Net: Unknown Pin: Pin U1-14
Add Pin To Net: Unknown Pin: Pin U2-1
Add Pin To Net: Unknown Pin: Pin U2-2
Add Pin To Net: Unknown Pin: Pin U2-3
Add Pin To Net: Unknown Pin: Pin U2-4
Add Pin To Net: Unknown Pin: Pin U2-5
Add Pin To Net: Unknown Pin: Pin U2-6
Add Pin To Net: Unknown Pin: Pin U2-7
Add Pin To Net: Unknown Pin: Pin U2-11
Add Pin To Net: Unknown Pin: Pin U3-1
Add Pin To Net: Unknown Pin: Pin U3-2
Add Pin To Net: Unknown Pin: Pin U3-3
Add Pin To Net: Unknown Pin: Pin U3-4
Add Pin To Net: Unknown Pin: Pin U3-5
Add Pin To Net: Unknown Pin: Pin U3-6
Add Pin To Net: Unknown Pin: Pin U3-7
Add Pin To Net: Unknown Pin: Pin U3-8
Add Pin To Net: Unknown Pin: Pin U3-9
Add Pin To Net: Unknown Pin: Pin U3-10
Add Pin To Net: Unknown Pin: Pin U3-11
Add Pin To Net: Unknown Pin: Pin U3-12
Add Pin To Net: Unknown Pin: Pin U3-13
Add Pin To Net: Unknown Pin: Pin U3-14
Added Pin To Net: NetName=NetD7_2 Pin=U4-4
Added Pin To Net: NetName=NetD9_2 Pin=U4-5
Added Pin To Net: NetName=NetD7_2 Pin=U4-21
Added Pin To Net: NetName=NetD9_2 Pin=U4-23
Added Pin To Net: NetName=GND Pin=U6-1
Added Pin To Net: NetName=GND Pin=U6-2
Added Pin To Net: NetName=GND Pin=U6-7
Added Pin To Net: NetName=GND Pin=U6-10
Added Pin To Net: NetName=+5 Pin=ultrasonido-1
Added Pin To Net: NetName=GND Pin=ultrasonido-4
Add Pin To Net: Unknown Pin: Pin YSC-131A-1
Add Pin To Net: Unknown Pin: Pin YSC-131A-2
Add Pin To Net: Unknown Pin: Pin YSC-131A-3
Add Pin To Net: Unknown Pin: Pin YSC-131A-4
Change Net Name : Old Net Name=NetD7_2 New Net Name=2
Change Net Name : Old Net Name=NetD9_2 New Net Name=4
Change Net Name : Old Net Name=NetENCODER_4 New Net Name=23
Added Pin To Net: NetName=13 Pin=U4-28
Added Pin To Net: NetName=13 Pin=ultrasonido-3
Added Net: Name=13
Added Pin To Net: NetName=19 Pin=IMU-6
Added Pin To Net: NetName=19 Pin=U4-10
Added Net: Name=19
Added Pin To Net: NetName=21 Pin=IMU-5
Added Pin To Net: NetName=21 Pin=U4-11
Added Net: Name=21
Added Pin To Net: NetName=NetC7_1 Pin=C7-1
Added Pin To Net: NetName=NetC7_1 Pin=R24-1
Added Pin To Net: NetName=NetC7_1 Pin=RV6-1
Added Pin To Net: NetName=NetC7_1 Pin=U6-4
Added Net: Name=NetC7_1
Added Pin To Net: NetName=NetR24_2 Pin=R24-2
Added Pin To Net: NetName=NetR24_2 Pin=U6-19
Added Net: Name=NetR24_2
Added Pin To Net: NetName=NetR33_1 Pin=R33-1
Added Pin To Net: NetName=NetR33_1 Pin=U6-11
Added Net: Name=NetR33_1
Added Pin To Net: NetName=NetR34_1 Pin=R34-1
Added Pin To Net: NetName=NetR34_1 Pin=U6-12
Added Net: Name=NetR34_1
Added Pin To Net: NetName=NetR35_1 Pin=R35-1
Added Pin To Net: NetName=NetR35_1 Pin=U6-13
Added Net: Name=NetR35_1
Added Pin To Net: NetName=NetR36_1 Pin=R36-1
Added Pin To Net: NetName=NetR36_1 Pin=U6-14
Added Net: Name=NetR36_1
Added Pin To Net: NetName=NetR37_1 Pin=R37-1
Added Pin To Net: NetName=NetR37_1 Pin=U6-15
Added Net: Name=NetR37_1
Added Pin To Net: NetName=NetR38_1 Pin=R38-1
Added Pin To Net: NetName=NetR38_1 Pin=U6-16
Added Net: Name=NetR38_1
Added Pin To Net: NetName=NetR39_1 Pin=R39-1
Added Pin To Net: NetName=NetR39_1 Pin=U6-17
Added Net: Name=NetR39_1
Added Pin To Net: NetName=NetR40_1 Pin=R40-1
Added Pin To Net: NetName=NetR40_1 Pin=U6-18
Added Net: Name=NetR40_1
Added Pin To Net: NetName=NetRV6_2 Pin=RV6-2
Added Pin To Net: NetName=NetRV6_2 Pin=U6-6
Added Net: Name=NetRV6_2
Added Pin To Net: NetName=NetRV6_3 Pin=RV6-3
Added Pin To Net: NetName=NetRV6_3 Pin=U6-8
Added Net: Name=NetRV6_3
Added Pin To Net: NetName=NetU6_3 Pin=U6-3
Added Pin To Net: NetName=NetU6_3 Pin=U6-5
Added Net: Name=NetU6_3
Add Class Member: Failed to add class member : Component C1 Cap Pol1
Add Class Member: Failed to add class member : Component C2 Cap Pol1
Add Class Member: Failed to add class member : Component C3 Cap
Add Class Member: Failed to add class member : Component C4 Cap
Add Class Member: Failed to add class member : Component C5 Cap2
Add Class Member: Failed to add class member : Component C6 Cap2
Add Class Member: Failed to add class member : Component D1 Diode 1N4004
Add Class Member: Failed to add class member : Component D2 Diode 1N4004
Add Class Member: Failed to add class member : Component D3 Diode 1N4004
Add Class Member: Failed to add class member : Component D4 Diode 1N4004
Add Class Member: Failed to add class member : Component D5 Diode 1N4004
Add Class Member: Failed to add class member : Component D6 Diode 1N4004
Add Class Member: Failed to add class member : Component IN/OUT Header 4
Add Class Member: Failed to add class member : Component IN Header 3
Add Class Member: Failed to add class member : Component LM7805 LM7905CT/NOPB
Add Class Member: Failed to add class member : Component LM7815
Add Class Member: Failed to add class member : Component LM7915
Add Class Member: Failed to add class member : Component MO-in Header 4
Add Class Member: Failed to add class member : Component MO_out Header 4
Add Class Member: Failed to add class member : Component NTC Thermoresistor
Add Class Member: Failed to add class member : Component out Header 5
Add Class Member: Failed to add class member : Component P_galga Header 4
Add Class Member: Failed to add class member : Component R1 Res1
Add Class Member: Failed to add class member : Component R2 Res1
Add Class Member: Failed to add class member : Component R3 Res1
Add Class Member: Failed to add class member : Component R4 Res1
Add Class Member: Failed to add class member : Component R5 Res1
Add Class Member: Failed to add class member : Component R6 Res1
Add Class Member: Failed to add class member : Component R7 Res1
Add Class Member: Failed to add class member : Component R8 Res1
Add Class Member: Failed to add class member : Component R9 Res1
Add Class Member: Failed to add class member : Component R10 Res1
Add Class Member: Failed to add class member : Component R11 Res1
Add Class Member: Failed to add class member : Component R12 Res1
Add Class Member: Failed to add class member : Component R13 Res1
Add Class Member: Failed to add class member : Component R14 Res1
Added Member To Class: ClassName=Micro Member=Component R33 Res1
Added Member To Class: ClassName=Micro Member=Component R34 Res1
Added Member To Class: ClassName=Micro Member=Component R35 Res1
Added Member To Class: ClassName=Micro Member=Component R36 Res1
Added Member To Class: ClassName=Micro Member=Component R37 Res1
Added Member To Class: ClassName=Micro Member=Component R38 Res1
Added Member To Class: ClassName=Micro Member=Component R39 Res1
Added Member To Class: ClassName=Micro Member=Component R40 Res1
Added Member To Class: ClassName=Micro Member=Component R41 Res1
Added Member To Class: ClassName=Micro Member=Component R42 Res1
Added Member To Class: ClassName=Micro Member=Component R43 Res1
Added Member To Class: ClassName=Micro Member=Component R44 Res1
Added Member To Class: ClassName=Micro Member=Component R45 Res1
Added Member To Class: ClassName=Micro Member=Component R46 Res1
Added Member To Class: ClassName=Micro Member=Component R47 Res1
Added Member To Class: ClassName=Micro Member=Component R48 Res1
Add Class Member: Failed to add class member : Component RV1 3296W-1-504LF
Add Class Member: Failed to add class member : Component RV2 3296W-1-504LF
Add Class Member: Failed to add class member : Component RV3 3006P-1-103LF
Add Class Member: Failed to add class member : Component RV4 3296W-1-504LF
Add Class Member: Failed to add class member : Component RV5 3296W-1-504LF
Add Class Member: Failed to add class member : Component U1 LF347N
Add Class Member: Failed to add class member : Component U2 LF347N
Add Class Member: Failed to add class member : Component U3 LF347N
Added Member To Class: ClassName=Micro Member=Component ultrasonido Header 4
Add Class Member: Failed to add class member : Component YSC-131A Header 4
