Removed Pin From Net: NetName=7 Pin=U4-19
Removed Pin From Net: NetName=6 Pin=U4-20
Removed Pin From Net: NetName=5 Pin=U4-21
Removed Pin From Net: NetName=4 Pin=U4-22
Removed Pin From Net: NetName=3 Pin=U4-23
Removed Pin From Net: NetName=2 Pin=U4-24
Removed Pin From Net: NetName=1 Pin=U4-25
Removed Pin From Net: NetName=0 Pin=U4-26
Add Pin To Net: Unknown Pin: Pin C1-1
Add Pin To Net: Unknown Pin: Pin C1-2
Add Pin To Net: Unknown Pin: Pin C2-1
Add Pin To Net: Unknown Pin: Pin C2-2
Add Pin To Net: Unknown Pin: Pin C3-1
Add Pin To Net: Unknown Pin: Pin C3-2
Add Pin To Net: Unknown Pin: Pin C4-1
Add Pin To Net: Unknown Pin: Pin C4-2
Add Pin To Net: Unknown Pin: Pin C5-1
Add Pin To Net: Unknown Pin: Pin C5-2
Add Pin To Net: Unknown Pin: Pin C6-1
Add Pin To Net: Unknown Pin: Pin C6-2
Add Pin To Net: Unknown Pin: Pin D1-1
Add Pin To Net: Unknown Pin: Pin D1-2
Add Pin To Net: Unknown Pin: Pin D2-1
Add Pin To Net: Unknown Pin: Pin D2-2
Add Pin To Net: Unknown Pin: Pin D3-1
Add Pin To Net: Unknown Pin: Pin D3-2
Add Pin To Net: Unknown Pin: Pin D4-1
Add Pin To Net: Unknown Pin: Pin D4-2
Add Pin To Net: Unknown Pin: Pin D5-1
Add Pin To Net: Unknown Pin: Pin D5-2
Add Pin To Net: Unknown Pin: Pin D6-1
Add Pin To Net: Unknown Pin: Pin D6-2
Add Pin To Net: Unknown Pin: Pin IN-1
Add Pin To Net: Unknown Pin: Pin IN-2
Add Pin To Net: Unknown Pin: Pin IN-3
Add Pin To Net: Unknown Pin: Pin IN/OUT-1
Add Pin To Net: Unknown Pin: Pin IN/OUT-2
Add Pin To Net: Unknown Pin: Pin IN/OUT-3
Add Pin To Net: Unknown Pin: Pin IN/OUT-4
Add Pin To Net: Unknown Pin: Pin LM7805-1
Add Pin To Net: Unknown Pin: Pin LM7805-2
Add Pin To Net: Unknown Pin: Pin LM7805-3
Add Pin To Net: Unknown Pin: Pin LM7815-1
Add Pin To Net: Unknown Pin: Pin LM7815-2
Add Pin To Net: Unknown Pin: Pin LM7815-3
Add Pin To Net: Unknown Pin: Pin LM7915-1
Add Pin To Net: Unknown Pin: Pin LM7915-2
Add Pin To Net: Unknown Pin: Pin LM7915-3
Add Pin To Net: Unknown Pin: Pin MO-in-1
Add Pin To Net: Unknown Pin: Pin MO-in-2
Add Pin To Net: Unknown Pin: Pin MO-in-3
Add Pin To Net: Unknown Pin: Pin MO-in-4
Add Pin To Net: Unknown Pin: Pin MO_out-1
Add Pin To Net: Unknown Pin: Pin MO_out-2
Add Pin To Net: Unknown Pin: Pin MO_out-3
Add Pin To Net: Unknown Pin: Pin MO_out-4
Add Pin To Net: Unknown Pin: Pin NTC-1
Add Pin To Net: Unknown Pin: Pin NTC-2
Add Pin To Net: Unknown Pin: Pin out-1
Add Pin To Net: Unknown Pin: Pin out-2
Add Pin To Net: Unknown Pin: Pin out-3
Add Pin To Net: Unknown Pin: Pin out-4
Add Pin To Net: Unknown Pin: Pin out-5
Add Pin To Net: Unknown Pin: Pin P_galga-1
Add Pin To Net: Unknown Pin: Pin P_galga-2
Add Pin To Net: Unknown Pin: Pin P_galga-3
Add Pin To Net: Unknown Pin: Pin P_galga-4
Add Pin To Net: Unknown Pin: Pin R1-1
Add Pin To Net: Unknown Pin: Pin R1-2
Add Pin To Net: Unknown Pin: Pin R2-1
Add Pin To Net: Unknown Pin: Pin R2-2
Add Pin To Net: Unknown Pin: Pin R3-1
Add Pin To Net: Unknown Pin: Pin R3-2
Add Pin To Net: Unknown Pin: Pin R4-1
Add Pin To Net: Unknown Pin: Pin R4-2
Add Pin To Net: Unknown Pin: Pin R5-1
Add Pin To Net: Unknown Pin: Pin R5-2
Add Pin To Net: Unknown Pin: Pin R6-1
Add Pin To Net: Unknown Pin: Pin R6-2
Add Pin To Net: Unknown Pin: Pin R7-1
Add Pin To Net: Unknown Pin: Pin R7-2
Add Pin To Net: Unknown Pin: Pin R8-1
Add Pin To Net: Unknown Pin: Pin R8-2
Add Pin To Net: Unknown Pin: Pin R9-1
Add Pin To Net: Unknown Pin: Pin R9-2
Add Pin To Net: Unknown Pin: Pin R10-1
Add Pin To Net: Unknown Pin: Pin R10-2
Add Pin To Net: Unknown Pin: Pin R11-1
Add Pin To Net: Unknown Pin: Pin R11-2
Add Pin To Net: Unknown Pin: Pin R12-1
Add Pin To Net: Unknown Pin: Pin R12-2
Add Pin To Net: Unknown Pin: Pin R13-1
Add Pin To Net: Unknown Pin: Pin R13-2
Add Pin To Net: Unknown Pin: Pin R14-1
Add Pin To Net: Unknown Pin: Pin R14-2
Add Pin To Net: Unknown Pin: Pin RV1-1
Add Pin To Net: Unknown Pin: Pin RV1-2
Add Pin To Net: Unknown Pin: Pin RV2-2
Add Pin To Net: Unknown Pin: Pin RV2-3
Add Pin To Net: Unknown Pin: Pin RV3-2
Add Pin To Net: Unknown Pin: Pin RV3-3
Add Pin To Net: Unknown Pin: Pin RV4-2
Add Pin To Net: Unknown Pin: Pin RV4-3
Add Pin To Net: Unknown Pin: Pin RV5-2
Add Pin To Net: Unknown Pin: Pin RV5-3
Add Pin To Net: Unknown Pin: Pin U1-1
Add Pin To Net: Unknown Pin: Pin U1-2
Add Pin To Net: Unknown Pin: Pin U1-3
Add Pin To Net: Unknown Pin: Pin U1-4
Add Pin To Net: Unknown Pin: Pin U1-5
Add Pin To Net: Unknown Pin: Pin U1-6
Add Pin To Net: Unknown Pin: Pin U1-7
Add Pin To Net: Unknown Pin: Pin U1-8
Add Pin To Net: Unknown Pin: Pin U1-9
Add Pin To Net: Unknown Pin: Pin U1-10
Add Pin To Net: Unknown Pin: Pin U1-11
Add Pin To Net: Unknown Pin: Pin U1-12
Add Pin To Net: Unknown Pin: Pin U1-13
Add Pin To Net: Unknown Pin: Pin U1-14
Add Pin To Net: Unknown Pin: Pin U2-1
Add Pin To Net: Unknown Pin: Pin U2-2
Add Pin To Net: Unknown Pin: Pin U2-3
Add Pin To Net: Unknown Pin: Pin U2-4
Add Pin To Net: Unknown Pin: Pin U2-5
Add Pin To Net: Unknown Pin: Pin U2-6
Add Pin To Net: Unknown Pin: Pin U2-7
Add Pin To Net: Unknown Pin: Pin U2-11
Add Pin To Net: Unknown Pin: Pin U3-1
Add Pin To Net: Unknown Pin: Pin U3-2
Add Pin To Net: Unknown Pin: Pin U3-3
Add Pin To Net: Unknown Pin: Pin U3-4
Add Pin To Net: Unknown Pin: Pin U3-5
Add Pin To Net: Unknown Pin: Pin U3-6
Add Pin To Net: Unknown Pin: Pin U3-7
Add Pin To Net: Unknown Pin: Pin U3-8
Add Pin To Net: Unknown Pin: Pin U3-9
Add Pin To Net: Unknown Pin: Pin U3-10
Add Pin To Net: Unknown Pin: Pin U3-11
Add Pin To Net: Unknown Pin: Pin U3-12
Add Pin To Net: Unknown Pin: Pin U3-13
Add Pin To Net: Unknown Pin: Pin U3-14
Added Pin To Net: NetName=0 Pin=U4-19
Added Pin To Net: NetName=1 Pin=U4-20
Added Pin To Net: NetName=2 Pin=U4-21
Added Pin To Net: NetName=3 Pin=U4-22
Added Pin To Net: NetName=4 Pin=U4-23
Added Pin To Net: NetName=5 Pin=U4-24
Added Pin To Net: NetName=6 Pin=U4-25
Added Pin To Net: NetName=7 Pin=U4-26
Add Pin To Net: Unknown Pin: Pin YSC-131A-1
Add Pin To Net: Unknown Pin: Pin YSC-131A-2
Add Pin To Net: Unknown Pin: Pin YSC-131A-3
Add Pin To Net: Unknown Pin: Pin YSC-131A-4
Added Class: Name=NTC
Added Class: Name=PS
Added Class: Name=STRAIN
Added Member To Class: ClassName=Micro Member=Component IN_STRAIN Header 2
