Added Component: Designator=U6(P0008A)
Add component (AddParameter): Name = "Code_IPC"; Value = ""; VariantName = "[No Variations]"
Add component (AddParameter): Name = "Code_JEDEC"; Value = "MS-001-BA"; VariantName = "[No Variations]"
Add component (AddParameter): Name = "ComponentLink1Description"; Value = "Datasheet URL"; VariantName = "[No Variations]"
Add component (AddParameter): Name = "ComponentLink1URL"; Value = "http://www.ti.com/general/docs/lit/getliterature.tsp?genericPartNumber=LMC555&fileType=pdf"; VariantName = "[No Variations]"
Add component (AddParameter): Name = "CompType"; Value = "Analog IC"; VariantName = "[No Variations]"
Add component (AddParameter): Name = "High-Reliability"; Value = ""; VariantName = "[No Variations]"
Add component (AddParameter): Name = "Manufacturer"; Value = "Texas Instruments"; VariantName = "[No Variations]"
Add component (AddParameter): Name = "PackageDescription"; Value = "MDIP, .365 x .250 x .130in, 8 Lead, .100in Pitch"; VariantName = "[No Variations]"
Add component (AddParameter): Name = "PackageReference"; Value = "P0008A"; VariantName = "[No Variations]"
Add component (AddParameter): Name = "PackageTopMarking"; Value = "NSUZXYTTE#*LMC*555CN"; VariantName = "[No Variations]"
Add component (AddParameter): Name = "PartNumber"; Value = ""; VariantName = "[No Variations]"
Add component (AddParameter): Name = "PinCount"; Value = "8"; VariantName = "[No Variations]"
Add component (AddParameter): Name = "PowerWise"; Value = "N"; VariantName = "[No Variations]"
Add component (AddParameter): Name = "RoHS"; Value = "Y"; VariantName = "[No Variations]"
Added Component: Designator=U(DIP254P762X533-8)
Add component (AddParameter): Name = "Availability"; Value = "Unavailable"; VariantName = "[No Variations]"
Add component (AddParameter): Name = "MF"; Value = "ON Semiconductor"; VariantName = "[No Variations]"
Add component (AddParameter): Name = "MP"; Value = "LF351N"; VariantName = "[No Variations]"
Add component (AddParameter): Name = "Package"; Value = "DIP-8 Motorola"; VariantName = "[No Variations]"
Add component (AddParameter): Name = "Price"; Value = "None"; VariantName = "[No Variations]"
Add component (AddParameter): Name = "SnapEDA_Link"; Value = "https://www.snapeda.com/parts/LF351N/ON%20Semiconductor/view-part/590613/?ref=snap"; VariantName = "[No Variations]"
Add component (AddParameter): Name = "Value"; Value = ""; VariantName = "[No Variations]"
Add Pin To Net: Unknown Pin: Pin C1-1
Add Pin To Net: Unknown Pin: Pin C1-2
Add Pin To Net: Unknown Pin: Pin C2-1
Add Pin To Net: Unknown Pin: Pin C2-2
Add Pin To Net: Unknown Pin: Pin C3-1
Add Pin To Net: Unknown Pin: Pin C3-2
Add Pin To Net: Unknown Pin: Pin C4-1
Add Pin To Net: Unknown Pin: Pin C4-2
Add Pin To Net: Unknown Pin: Pin C5-1
Add Pin To Net: Unknown Pin: Pin C5-2
Add Pin To Net: Unknown Pin: Pin C6-1
Add Pin To Net: Unknown Pin: Pin C6-2
Add Pin To Net: Unknown Pin: Pin D1-1
Add Pin To Net: Unknown Pin: Pin D1-2
Add Pin To Net: Unknown Pin: Pin D2-1
Add Pin To Net: Unknown Pin: Pin D2-2
Add Pin To Net: Unknown Pin: Pin D3-1
Add Pin To Net: Unknown Pin: Pin D3-2
Add Pin To Net: Unknown Pin: Pin D4-1
Add Pin To Net: Unknown Pin: Pin D4-2
Add Pin To Net: Unknown Pin: Pin D5-1
Add Pin To Net: Unknown Pin: Pin D5-2
Add Pin To Net: Unknown Pin: Pin D6-1
Add Pin To Net: Unknown Pin: Pin D6-2
Add Pin To Net: Unknown Pin: Pin IN-1
Add Pin To Net: Unknown Pin: Pin IN-2
Add Pin To Net: Unknown Pin: Pin IN-3
Add Pin To Net: Unknown Pin: Pin IN/OUT-1
Add Pin To Net: Unknown Pin: Pin IN/OUT-2
Add Pin To Net: Unknown Pin: Pin IN/OUT-3
Add Pin To Net: Unknown Pin: Pin IN/OUT-4
Add Pin To Net: Unknown Pin: Pin LM7805-1
Add Pin To Net: Unknown Pin: Pin LM7805-2
Add Pin To Net: Unknown Pin: Pin LM7805-3
Add Pin To Net: Unknown Pin: Pin LM7815-1
Add Pin To Net: Unknown Pin: Pin LM7815-2
Add Pin To Net: Unknown Pin: Pin LM7815-3
Add Pin To Net: Unknown Pin: Pin LM7915-1
Add Pin To Net: Unknown Pin: Pin LM7915-2
Add Pin To Net: Unknown Pin: Pin LM7915-3
Add Pin To Net: Unknown Pin: Pin MO-in-1
Add Pin To Net: Unknown Pin: Pin MO-in-2
Add Pin To Net: Unknown Pin: Pin MO-in-3
Add Pin To Net: Unknown Pin: Pin MO-in-4
Add Pin To Net: Unknown Pin: Pin MO_out-1
Add Pin To Net: Unknown Pin: Pin MO_out-2
Add Pin To Net: Unknown Pin: Pin MO_out-3
Add Pin To Net: Unknown Pin: Pin MO_out-4
Add Pin To Net: Unknown Pin: Pin NTC-1
Add Pin To Net: Unknown Pin: Pin NTC-2
Add Pin To Net: Unknown Pin: Pin out-1
Add Pin To Net: Unknown Pin: Pin out-2
Add Pin To Net: Unknown Pin: Pin out-3
Add Pin To Net: Unknown Pin: Pin out-4
Add Pin To Net: Unknown Pin: Pin out-5
Add Pin To Net: Unknown Pin: Pin P_galga-1
Add Pin To Net: Unknown Pin: Pin P_galga-2
Add Pin To Net: Unknown Pin: Pin P_galga-3
Add Pin To Net: Unknown Pin: Pin P_galga-4
Add Pin To Net: Unknown Pin: Pin R1-1
Add Pin To Net: Unknown Pin: Pin R1-2
Add Pin To Net: Unknown Pin: Pin R2-1
Add Pin To Net: Unknown Pin: Pin R2-2
Add Pin To Net: Unknown Pin: Pin R3-1
Add Pin To Net: Unknown Pin: Pin R3-2
Add Pin To Net: Unknown Pin: Pin R4-1
Add Pin To Net: Unknown Pin: Pin R4-2
Add Pin To Net: Unknown Pin: Pin R5-1
Add Pin To Net: Unknown Pin: Pin R5-2
Add Pin To Net: Unknown Pin: Pin R6-1
Add Pin To Net: Unknown Pin: Pin R6-2
Add Pin To Net: Unknown Pin: Pin R7-1
Add Pin To Net: Unknown Pin: Pin R7-2
Add Pin To Net: Unknown Pin: Pin R8-1
Add Pin To Net: Unknown Pin: Pin R8-2
Add Pin To Net: Unknown Pin: Pin R9-1
Add Pin To Net: Unknown Pin: Pin R9-2
Add Pin To Net: Unknown Pin: Pin R10-1
Add Pin To Net: Unknown Pin: Pin R10-2
Add Pin To Net: Unknown Pin: Pin R11-1
Add Pin To Net: Unknown Pin: Pin R11-2
Add Pin To Net: Unknown Pin: Pin R12-1
Add Pin To Net: Unknown Pin: Pin R12-2
Add Pin To Net: Unknown Pin: Pin R13-1
Add Pin To Net: Unknown Pin: Pin R13-2
Add Pin To Net: Unknown Pin: Pin R14-1
Add Pin To Net: Unknown Pin: Pin R14-2
Add Pin To Net: Unknown Pin: Pin RV1-1
Add Pin To Net: Unknown Pin: Pin RV1-2
Add Pin To Net: Unknown Pin: Pin RV2-2
Add Pin To Net: Unknown Pin: Pin RV2-3
Add Pin To Net: Unknown Pin: Pin RV3-2
Add Pin To Net: Unknown Pin: Pin RV3-3
Add Pin To Net: Unknown Pin: Pin RV4-2
Add Pin To Net: Unknown Pin: Pin RV4-3
Add Pin To Net: Unknown Pin: Pin RV5-2
Add Pin To Net: Unknown Pin: Pin RV5-3
Add Pin To Net: Unknown Pin: Pin U1-1
Add Pin To Net: Unknown Pin: Pin U1-2
Add Pin To Net: Unknown Pin: Pin U1-3
Add Pin To Net: Unknown Pin: Pin U1-4
Add Pin To Net: Unknown Pin: Pin U1-5
Add Pin To Net: Unknown Pin: Pin U1-6
Add Pin To Net: Unknown Pin: Pin U1-7
Add Pin To Net: Unknown Pin: Pin U1-8
Add Pin To Net: Unknown Pin: Pin U1-9
Add Pin To Net: Unknown Pin: Pin U1-10
Add Pin To Net: Unknown Pin: Pin U1-11
Add Pin To Net: Unknown Pin: Pin U1-12
Add Pin To Net: Unknown Pin: Pin U1-13
Add Pin To Net: Unknown Pin: Pin U1-14
Add Pin To Net: Unknown Pin: Pin U2-1
Add Pin To Net: Unknown Pin: Pin U2-2
Add Pin To Net: Unknown Pin: Pin U2-3
Add Pin To Net: Unknown Pin: Pin U2-4
Add Pin To Net: Unknown Pin: Pin U2-5
Add Pin To Net: Unknown Pin: Pin U2-6
Add Pin To Net: Unknown Pin: Pin U2-7
Add Pin To Net: Unknown Pin: Pin U2-11
Add Pin To Net: Unknown Pin: Pin U3-1
Add Pin To Net: Unknown Pin: Pin U3-2
Add Pin To Net: Unknown Pin: Pin U3-3
Add Pin To Net: Unknown Pin: Pin U3-4
Add Pin To Net: Unknown Pin: Pin U3-5
Add Pin To Net: Unknown Pin: Pin U3-6
Add Pin To Net: Unknown Pin: Pin U3-7
Add Pin To Net: Unknown Pin: Pin U3-8
Add Pin To Net: Unknown Pin: Pin U3-9
Add Pin To Net: Unknown Pin: Pin U3-10
Add Pin To Net: Unknown Pin: Pin U3-11
Add Pin To Net: Unknown Pin: Pin U3-12
Add Pin To Net: Unknown Pin: Pin U3-13
Add Pin To Net: Unknown Pin: Pin U3-14
Added Pin To Net: NetName=NetIMU_5 Pin=U4-4
Added Pin To Net: NetName=NetIMU_6 Pin=U4-5
Added Pin To Net: NetName=NetENCODER_4 Pin=U4-15
Added Pin To Net: NetName=NetD7_2 Pin=U4-27
Added Pin To Net: NetName=NetD9_2 Pin=U4-28
Added Pin To Net: NetName=GND Pin=U6-1
Added Pin To Net: NetName=NetC7_2 Pin=U6-2
Added Pin To Net: NetName=logic Pin=U6-3
Added Pin To Net: NetName=+5 Pin=U6-4
Added Pin To Net: NetName=NetC8_2 Pin=U6-5
Added Pin To Net: NetName=NetC7_2 Pin=U6-6
Added Pin To Net: NetName=NetD11_1 Pin=U6-7
Added Pin To Net: NetName=+5 Pin=U6-8
Added Pin To Net: NetName=NetR24_1 Pin=U-2
Added Pin To Net: NetName=GND Pin=U-3
Added Pin To Net: NetName=VDD Pin=U-4
Added Pin To Net: NetName=NetR26_1 Pin=U-6
Added Pin To Net: NetName=VCC Pin=U-7
Add Pin To Net: Unknown Pin: Pin YSC-131A-1
Add Pin To Net: Unknown Pin: Pin YSC-131A-2
Add Pin To Net: Unknown Pin: Pin YSC-131A-3
Add Pin To Net: Unknown Pin: Pin YSC-131A-4
Added Member To Class: ClassName=Micro Member=Component U6 LMC555CN/NOPB
Added Member To Class: ClassName=Micro Member=Component U LF351N
