Removed Pin From Net: NetName=NetC5_1 Pin=C5-1
Removed Pin From Net: NetName=GND Pin=C5-2
Removed Pin From Net: NetName=NetC6_2 Pin=C6-2
Change Component Footprint: Designator=C5 Old Footprint=RB7.6-15 New Footprint=CAPC0805(2012)145_L
Change Component Footprint: Designator=C6 Old Footprint=RB7.6-15 New Footprint=CAPC0805(2012)145_L
Change Component Comment : Designator=C5 Old Comment=Cap Pol1 New Comment=Capacitor 10µF +/-20% 25V 0805
Change Component Comment : Designator=C6 Old Comment=Cap Pol1 New Comment=Capacitor 10µF +/-20% 25V 0805
Change Managed Component Library Link : Designator=C5 Old VaultGUID= New VaultGUID=CB113AE8-56F1-46B6-A7B8-666C70CB15DE Old ItemGUID= New ItemGUID=5553BE11-C8C5-470D-B2EC-B93717BE4F4B Old RevisionGUID= New RevisionGUID=8A56A3B5-9C40-4A4E-B8EB-BBAB05E59E65
Change Managed Component Library Link : Designator=C6 Old VaultGUID= New VaultGUID=CB113AE8-56F1-46B6-A7B8-666C70CB15DE Old ItemGUID= New ItemGUID=5553BE11-C8C5-470D-B2EC-B93717BE4F4B Old RevisionGUID= New RevisionGUID=8A56A3B5-9C40-4A4E-B8EB-BBAB05E59E65
Change component parameters: Designator = "C5" ("C5"); Footprint = "RB7.6-15"; UniqueID = "\ESSNDTKZ" ("\ESSNDTKZ")
Change component parameters (AddParameter): Name = "Case/Package"; Value = "0603"; VariantName = "[No Variations]"
Change component parameters (AddParameter): Name = "Max Operating Temperature"; Value = "85°C"; VariantName = "[No Variations]"
Change component parameters (AddParameter): Name = "Min Operating Temperature"; Value = "-55°C"; VariantName = "[No Variations]"
Change component parameters (AddParameter): Name = "Mounting Technology"; Value = "SMT"; VariantName = "[No Variations]"
Change component parameters (AddParameter): Name = "Pins"; Value = "2"; VariantName = "[No Variations]"
Change component parameters (AddParameter): Name = "Tolerance"; Value = "10%"; VariantName = "[No Variations]"
Change component parameters (AddParameter): Name = "Value"; Value = "10µF"; VariantName = "[No Variations]"
Change component parameters (AddParameter): Name = "Voltage Rating"; Value = "25V"; VariantName = "[No Variations]"
Change component parameters: Designator = "C6" ("C6"); Footprint = "RB7.6-15"; UniqueID = "\ECAZIDNI" ("\ECAZIDNI")
Change component parameters (AddParameter): Name = "Case/Package"; Value = "0603"; VariantName = "[No Variations]"
Change component parameters (AddParameter): Name = "Max Operating Temperature"; Value = "85°C"; VariantName = "[No Variations]"
Change component parameters (AddParameter): Name = "Min Operating Temperature"; Value = "-55°C"; VariantName = "[No Variations]"
Change component parameters (AddParameter): Name = "Mounting Technology"; Value = "SMT"; VariantName = "[No Variations]"
Change component parameters (AddParameter): Name = "Pins"; Value = "2"; VariantName = "[No Variations]"
Change component parameters (AddParameter): Name = "Tolerance"; Value = "10%"; VariantName = "[No Variations]"
Change component parameters (AddParameter): Name = "Value"; Value = "10µF"; VariantName = "[No Variations]"
Change component parameters (AddParameter): Name = "Voltage Rating"; Value = "25V"; VariantName = "[No Variations]"
Added Pin To Net: NetName=GND Pin=C5-1
Added Pin To Net: NetName=NetC5_1 Pin=C5-2
Added Pin To Net: NetName=NetC6_2 Pin=C6-1
Added Pin To Net: NetName=GND Pin=C6-2
Add Pin To Net: Unknown Pin: Pin IN/OUT-3
Add Pin To Net: Unknown Pin: Pin IN/OUT-4
Change Net Name : Old Net Name=NetC5_1 New Net Name=NetC5_2
Change Net Name : Old Net Name=NetC6_2 New Net Name=NetC6_1
Added Net: Name=NetR5_1
Added Net: Name=NetR6_1
Added Net: Name=NetR7_1
Added Net: Name=NetR9_2
Added Net: Name=NetR10_2
Added Net: Name=NetR11_1
Added Net: Name=NetR13_2
Added Net: Name=NetR14_2
Added Net: Name=NetR15_1
Added Net: Name=NetR15_2
Added Net: Name=NetU11_3
Added Net: Name=NetU11_8
Added Net: Name=NetU22_6
